<?xml version="1.0" encoding="UTF-8"?>
<!-- Generated by org.testng.reporters.JUnitXMLReporter -->
<testsuite ignored="0" hostname="Rudranshlaptop" failures="0" tests="3" name="Default test" time="131.336" errors="0" timestamp="2023-06-26T11:31:56 IST">
  <testcase classname="mainProject.featuredNews.FeaturedNewsTestCases" name="Userdetails" time="17.327"/>
  <testcase classname="mainProject.featuredNews.FeaturedNewsTestCases" name="Headings" time="1.162"/>
  <testcase classname="mainProject.featuredNews.FeaturedNewsTestCases" name="TextOfNews" time="95.792"/>
</testsuite> <!-- Default test -->
