<?xml version="1.0" encoding="UTF-8"?>
<!-- Generated by org.testng.reporters.JUnitXMLReporter -->
<testsuite ignored="0" hostname="LTIN143487" failures="0" tests="3" name="Test" time="120.242" errors="0" timestamp="2023-05-31T15:33:04 IST">
  <testcase classname="mainProject.featuredNews.FeaturedNewsTestCases" name="Userdetails" time="24.295"/>
  <testcase classname="mainProject.featuredNews.FeaturedNewsTestCases" name="Headings" time="0.196"/>
  <testcase classname="mainProject.featuredNews.FeaturedNewsTestCases" name="TextOfNews" time="89.364"/>
</testsuite> <!-- Test -->
