<?xml version="1.0" encoding="UTF-8"?>
<testng-results ignored="0" total="3" passed="3" failed="0" skipped="0">
  <reporter-output>
  </reporter-output>
  <suite started-at="2023-06-26T11:29:45 IST" name="Default suite" finished-at="2023-06-26T11:31:56 IST" duration-ms="131336">
    <groups>
    </groups>
    <test started-at="2023-06-26T11:29:45 IST" name="Default test" finished-at="2023-06-26T11:31:56 IST" duration-ms="131336">
      <class name="mainProject.featuredNews.FeaturedNewsTestCases">
        <test-method is-config="true" signature="Driversetup()[pri:0, instance:mainProject.featuredNews.FeaturedNewsTestCases@6771beb3]" started-at="2023-06-26T11:29:45 IST" name="Driversetup" finished-at="2023-06-26T11:30:02 IST" duration-ms="16712" status="PASS">
          <reporter-output>
          </reporter-output>
        </test-method> <!-- Driversetup -->
        <test-method signature="Userdetails()[pri:1, instance:mainProject.featuredNews.FeaturedNewsTestCases@6771beb3]" started-at="2023-06-26T11:30:02 IST" name="Userdetails" finished-at="2023-06-26T11:30:19 IST" duration-ms="17327" status="PASS">
          <reporter-output>
          </reporter-output>
        </test-method> <!-- Userdetails -->
        <test-method signature="Headings()[pri:2, instance:mainProject.featuredNews.FeaturedNewsTestCases@6771beb3]" started-at="2023-06-26T11:30:19 IST" name="Headings" finished-at="2023-06-26T11:30:20 IST" depends-on-methods="mainProject.featuredNews.FeaturedNewsTestCases.Userdetails" duration-ms="1162" status="PASS">
          <reporter-output>
          </reporter-output>
        </test-method> <!-- Headings -->
        <test-method signature="TextOfNews()[pri:3, instance:mainProject.featuredNews.FeaturedNewsTestCases@6771beb3]" started-at="2023-06-26T11:30:20 IST" name="TextOfNews" finished-at="2023-06-26T11:31:56 IST" depends-on-methods="mainProject.featuredNews.FeaturedNewsTestCases.Headings, mainProject.featuredNews.FeaturedNewsTestCases.Userdetails" duration-ms="95792" status="PASS">
          <reporter-output>
          </reporter-output>
        </test-method> <!-- TextOfNews -->
        <test-method is-config="true" signature="CloseBrowser()[pri:0, instance:mainProject.featuredNews.FeaturedNewsTestCases@6771beb3]" started-at="2023-06-26T11:31:56 IST" name="CloseBrowser" finished-at="2023-06-26T11:31:56 IST" duration-ms="113" status="PASS">
          <reporter-output>
          </reporter-output>
        </test-method> <!-- CloseBrowser -->
      </class> <!-- mainProject.featuredNews.FeaturedNewsTestCases -->
    </test> <!-- Default test -->
  </suite> <!-- Default suite -->
</testng-results>
